<?xml version="1.0" encoding="UTF-8"?>
<!-- Generated by org.testng.reporters.JUnitReportReporter -->
<testsuite hostname="CHNMCT563110L" failures="0" tests="7" name="com.flipkart.testscenarios.PlaceOrder" time="13.869" errors="0" timestamp="2022-07-08T12:37:21 IST" skipped="0">
  <testcase classname="com.flipkart.testscenarios.PlaceOrder" name="selectProductTest" time="0.003"/>
  <system-out/>
  <testcase classname="com.flipkart.testscenarios.PlaceOrder" name="addToCartTest" time="0.013"/>
  <system-out/>
  <testcase classname="com.flipkart.testscenarios.PlaceOrder" name="confirmOrderTest" time="0.003"/>
  <system-out/>
  <testcase classname="com.flipkart.testscenarios.PlaceOrder" name="makePaymentTest" time="0.002"/>
  <system-out/>
  <testcase classname="com.flipkart.testscenarios.PlaceOrder" name="logoutTest" time="0.001"/>
  <system-out/>
  <testcase classname="com.flipkart.testscenarios.PlaceOrder" name="loginTest" time="9.003"/>
  <system-out/>
  <testcase classname="com.flipkart.testscenarios.PlaceOrder" name="searchProductTest" time="4.844"/>
  <system-out/>
</testsuite> <!-- com.flipkart.testscenarios.PlaceOrder -->
